<?xml version="1.0" encoding="UTF-8"?>
<!-- Generated by org.testng.reporters.JUnitReportReporter -->
<testsuite skipped="0" hostname="DESKTOP-FJFPAOR" name="com.test.login.Loginuser" tests="1" failures="0" timestamp="2021-08-18T16:07:20 IST" time="14.314" errors="0">
  <testcase name="Login" time="14.314" classname="com.test.login.Loginuser"/>
  <system-out/>
</testsuite> <!-- com.test.login.Loginuser -->
