<?xml version="1.0" encoding="UTF-8"?>
<!-- Generated by org.testng.reporters.JUnitReportReporter -->
<testsuite skipped="0" hostname="DESKTOP-FJFPAOR" name="com.test.login.Demo" tests="2" failures="0" timestamp="2021-08-18T16:07:20 IST" time="29.358" errors="0">
  <testcase name="test1" time="14.925" classname="com.test.login.Demo"/>
  <system-out/>
  <testcase name="test2" time="14.433" classname="com.test.login.Demo"/>
  <system-out/>
</testsuite> <!-- com.test.login.Demo -->
